{"C:\\Users\\jfpn0\\OneDrive\\FULLSTACK DEVELOPER\\Proyectos\\ProdAdmin\\src\\router.ts": {"path":"C:\\Users\\jfpn0\\OneDrive\\FULLSTACK DEVELOPER\\Proyectos\\ProdAdmin\\src\\router.ts","statementMap":{"0":{"start":{"line":1,"column":0},"end":{"line":1,"column":32}},"1":{"start":{"line":2,"column":0},"end":{"line":2,"column":45}},"2":{"start":{"line":3,"column":0},"end":{"line":3,"column":129}},"3":{"start":{"line":4,"column":0},"end":{"line":4,"column":48}},"4":{"start":{"line":7,"column":15},"end":{"line":7,"column":23}},"5":{"start":{"line":12,"column":0},"end":{"line":12,"column":null}},"6":{"start":{"line":13,"column":0},"end":{"line":18,"column":null}},"7":{"start":{"line":21,"column":0},"end":{"line":36,"column":null}},"8":{"start":{"line":33,"column":25},"end":{"line":33,"column":34}},"9":{"start":{"line":39,"column":0},"end":{"line":59,"column":null}},"10":{"start":{"line":54,"column":25},"end":{"line":54,"column":34}},"11":{"start":{"line":61,"column":0},"end":{"line":65,"column":null}},"12":{"start":{"line":67,"column":0},"end":{"line":71,"column":null}},"13":{"start":{"line":74,"column":0},"end":{"line":74,"column":null}}},"fnMap":{"0":{"name":"(anonymous_0)","decl":{"start":{"line":33,"column":16},"end":{"line":33,"column":21}},"loc":{"start":{"line":33,"column":25},"end":{"line":33,"column":34}}},"1":{"name":"(anonymous_1)","decl":{"start":{"line":54,"column":16},"end":{"line":54,"column":21}},"loc":{"start":{"line":54,"column":25},"end":{"line":54,"column":34}}}},"branchMap":{},"s":{"0":2,"1":2,"2":2,"3":2,"4":2,"5":2,"6":2,"7":2,"8":3,"9":2,"10":5,"11":2,"12":2,"13":2},"f":{"0":3,"1":5},"b":{}}
,"C:\\Users\\jfpn0\\OneDrive\\FULLSTACK DEVELOPER\\Proyectos\\ProdAdmin\\src\\server.ts": {"path":"C:\\Users\\jfpn0\\OneDrive\\FULLSTACK DEVELOPER\\Proyectos\\ProdAdmin\\src\\server.ts","statementMap":{"0":{"start":{"line":12,"column":0},"end":{"line":12,"column":7}},"1":{"start":{"line":2,"column":0},"end":{"line":2,"column":29}},"2":{"start":{"line":3,"column":0},"end":{"line":3,"column":29}},"3":{"start":{"line":4,"column":0},"end":{"line":4,"column":28}},"4":{"start":{"line":5,"column":0},"end":{"line":5,"column":27}},"5":{"start":{"line":8,"column":15},"end":{"line":8,"column":24}},"6":{"start":{"line":14,"column":4},"end":{"line":23,"column":5}},"7":{"start":{"line":16,"column":8},"end":{"line":16,"column":null}},"8":{"start":{"line":18,"column":8},"end":{"line":18,"column":null}},"9":{"start":{"line":22,"column":8},"end":{"line":22,"column":null}},"10":{"start":{"line":26,"column":0},"end":{"line":26,"column":null}},"11":{"start":{"line":29,"column":0},"end":{"line":29,"column":null}},"12":{"start":{"line":32,"column":0},"end":{"line":32,"column":null}},"13":{"start":{"line":34,"column":0},"end":{"line":36,"column":null}},"14":{"start":{"line":35,"column":4},"end":{"line":35,"column":null}},"15":{"start":{"line":38,"column":0},"end":{"line":38,"column":null}}},"fnMap":{"0":{"name":"connectDB","decl":{"start":{"line":12,"column":22},"end":{"line":12,"column":31}},"loc":{"start":{"line":12,"column":31},"end":{"line":24,"column":1}}},"1":{"name":"(anonymous_2)","decl":{"start":{"line":34,"column":19},"end":{"line":34,"column":20}},"loc":{"start":{"line":34,"column":32},"end":{"line":36,"column":1}}}},"branchMap":{},"s":{"0":2,"1":2,"2":2,"3":2,"4":2,"5":2,"6":3,"7":3,"8":2,"9":1,"10":2,"11":2,"12":2,"13":2,"14":1,"15":2},"f":{"0":3,"1":1},"b":{}}
,"C:\\Users\\jfpn0\\OneDrive\\FULLSTACK DEVELOPER\\Proyectos\\ProdAdmin\\src\\config\\db.ts": {"path":"C:\\Users\\jfpn0\\OneDrive\\FULLSTACK DEVELOPER\\Proyectos\\ProdAdmin\\src\\config\\db.ts","statementMap":{"0":{"start":{"line":1,"column":0},"end":{"line":1,"column":49}},"1":{"start":{"line":2,"column":0},"end":{"line":2,"column":28}},"2":{"start":{"line":5,"column":0},"end":{"line":5,"column":16}},"3":{"start":{"line":8,"column":11},"end":{"line":12,"column":2}},"4":{"start":{"line":15,"column":0},"end":{"line":15,"column":null}}},"fnMap":{},"branchMap":{},"s":{"0":2,"1":2,"2":2,"3":2,"4":2},"f":{},"b":{}}
,"C:\\Users\\jfpn0\\OneDrive\\FULLSTACK DEVELOPER\\Proyectos\\ProdAdmin\\src\\handlers\\product.ts": {"path":"C:\\Users\\jfpn0\\OneDrive\\FULLSTACK DEVELOPER\\Proyectos\\ProdAdmin\\src\\handlers\\product.ts","statementMap":{"0":{"start":{"line":2,"column":0},"end":{"line":2,"column":45}},"1":{"start":{"line":5,"column":27},"end":{"line":13,"column":1}},"2":{"start":{"line":7,"column":21},"end":{"line":11,"column":6}},"3":{"start":{"line":12,"column":4},"end":{"line":12,"column":null}},"4":{"start":{"line":5,"column":13},"end":{"line":5,"column":27}},"5":{"start":{"line":16,"column":30},"end":{"line":28,"column":1}},"6":{"start":{"line":18,"column":17},"end":{"line":18,"column":27}},"7":{"start":{"line":20,"column":20},"end":{"line":20,"column":46}},"8":{"start":{"line":23,"column":4},"end":{"line":25,"column":5}},"9":{"start":{"line":24,"column":8},"end":{"line":24,"column":null}},"10":{"start":{"line":27,"column":4},"end":{"line":27,"column":null}},"11":{"start":{"line":16,"column":13},"end":{"line":16,"column":30}},"12":{"start":{"line":32,"column":29},"end":{"line":36,"column":1}},"13":{"start":{"line":34,"column":20},"end":{"line":34,"column":50}},"14":{"start":{"line":35,"column":4},"end":{"line":35,"column":null}},"15":{"start":{"line":32,"column":13},"end":{"line":32,"column":29}},"16":{"start":{"line":38,"column":29},"end":{"line":53,"column":1}},"17":{"start":{"line":40,"column":17},"end":{"line":40,"column":27}},"18":{"start":{"line":42,"column":20},"end":{"line":42,"column":46}},"19":{"start":{"line":45,"column":4},"end":{"line":47,"column":5}},"20":{"start":{"line":46,"column":5},"end":{"line":46,"column":null}},"21":{"start":{"line":50,"column":4},"end":{"line":50,"column":null}},"22":{"start":{"line":51,"column":4},"end":{"line":51,"column":null}},"23":{"start":{"line":52,"column":4},"end":{"line":52,"column":null}},"24":{"start":{"line":38,"column":13},"end":{"line":38,"column":29}},"25":{"start":{"line":55,"column":35},"end":{"line":70,"column":1}},"26":{"start":{"line":57,"column":17},"end":{"line":57,"column":27}},"27":{"start":{"line":59,"column":20},"end":{"line":59,"column":46}},"28":{"start":{"line":62,"column":4},"end":{"line":64,"column":5}},"29":{"start":{"line":63,"column":5},"end":{"line":63,"column":null}},"30":{"start":{"line":67,"column":4},"end":{"line":67,"column":null}},"31":{"start":{"line":68,"column":4},"end":{"line":68,"column":null}},"32":{"start":{"line":69,"column":4},"end":{"line":69,"column":null}},"33":{"start":{"line":55,"column":13},"end":{"line":55,"column":35}},"34":{"start":{"line":72,"column":29},"end":{"line":86,"column":1}},"35":{"start":{"line":74,"column":18},"end":{"line":74,"column":28}},"36":{"start":{"line":76,"column":21},"end":{"line":76,"column":47}},"37":{"start":{"line":79,"column":5},"end":{"line":81,"column":6}},"38":{"start":{"line":80,"column":6},"end":{"line":80,"column":null}},"39":{"start":{"line":84,"column":5},"end":{"line":84,"column":null}},"40":{"start":{"line":85,"column":5},"end":{"line":85,"column":null}},"41":{"start":{"line":72,"column":13},"end":{"line":72,"column":29}}},"fnMap":{"0":{"name":"(anonymous_1)","decl":{"start":{"line":5,"column":27},"end":{"line":5,"column":32}},"loc":{"start":{"line":5,"column":65},"end":{"line":13,"column":1}}},"1":{"name":"(anonymous_2)","decl":{"start":{"line":16,"column":30},"end":{"line":16,"column":35}},"loc":{"start":{"line":16,"column":68},"end":{"line":28,"column":1}}},"2":{"name":"(anonymous_3)","decl":{"start":{"line":32,"column":29},"end":{"line":32,"column":34}},"loc":{"start":{"line":32,"column":69},"end":{"line":36,"column":1}}},"3":{"name":"(anonymous_4)","decl":{"start":{"line":38,"column":29},"end":{"line":38,"column":34}},"loc":{"start":{"line":38,"column":67},"end":{"line":53,"column":1}}},"4":{"name":"(anonymous_5)","decl":{"start":{"line":55,"column":35},"end":{"line":55,"column":40}},"loc":{"start":{"line":55,"column":73},"end":{"line":70,"column":1}}},"5":{"name":"(anonymous_6)","decl":{"start":{"line":72,"column":29},"end":{"line":72,"column":34}},"loc":{"start":{"line":72,"column":67},"end":{"line":86,"column":1}}}},"branchMap":{"0":{"loc":{"start":{"line":23,"column":4},"end":{"line":25,"column":5}},"type":"if","locations":[{"start":{"line":23,"column":4},"end":{"line":25,"column":5}}]},"1":{"loc":{"start":{"line":45,"column":4},"end":{"line":47,"column":5}},"type":"if","locations":[{"start":{"line":45,"column":4},"end":{"line":47,"column":5}}]},"2":{"loc":{"start":{"line":62,"column":4},"end":{"line":64,"column":5}},"type":"if","locations":[{"start":{"line":62,"column":4},"end":{"line":64,"column":5}}]},"3":{"loc":{"start":{"line":79,"column":5},"end":{"line":81,"column":6}},"type":"if","locations":[{"start":{"line":79,"column":5},"end":{"line":81,"column":6}}]}},"s":{"0":2,"1":2,"2":2,"3":2,"4":2,"5":2,"6":2,"7":2,"8":2,"9":1,"10":1,"11":2,"12":2,"13":1,"14":1,"15":2,"16":2,"17":2,"18":2,"19":2,"20":1,"21":1,"22":1,"23":1,"24":2,"25":2,"26":2,"27":2,"28":2,"29":1,"30":1,"31":1,"32":1,"33":2,"34":2,"35":2,"36":2,"37":2,"38":1,"39":1,"40":1,"41":2},"f":{"0":2,"1":2,"2":1,"3":2,"4":2,"5":2},"b":{"0":[1],"1":[1],"2":[1],"3":[1]}}
,"C:\\Users\\jfpn0\\OneDrive\\FULLSTACK DEVELOPER\\Proyectos\\ProdAdmin\\src\\middleware\\index.ts": {"path":"C:\\Users\\jfpn0\\OneDrive\\FULLSTACK DEVELOPER\\Proyectos\\ProdAdmin\\src\\middleware\\index.ts","statementMap":{"0":{"start":{"line":2,"column":0},"end":{"line":2,"column":52}},"1":{"start":{"line":4,"column":33},"end":{"line":11,"column":1}},"2":{"start":{"line":6,"column":17},"end":{"line":6,"column":38}},"3":{"start":{"line":7,"column":4},"end":{"line":9,"column":5}},"4":{"start":{"line":8,"column":8},"end":{"line":8,"column":null}},"5":{"start":{"line":10,"column":4},"end":{"line":10,"column":null}},"6":{"start":{"line":4,"column":13},"end":{"line":4,"column":33}}},"fnMap":{"0":{"name":"(anonymous_0)","decl":{"start":{"line":4,"column":33},"end":{"line":4,"column":34}},"loc":{"start":{"line":4,"column":85},"end":{"line":11,"column":1}}}},"branchMap":{"0":{"loc":{"start":{"line":7,"column":4},"end":{"line":9,"column":5}},"type":"if","locations":[{"start":{"line":7,"column":4},"end":{"line":9,"column":5}}]}},"s":{"0":2,"1":2,"2":16,"3":16,"4":7,"5":9,"6":2},"f":{"0":16},"b":{"0":[7]}}
,"C:\\Users\\jfpn0\\OneDrive\\FULLSTACK DEVELOPER\\Proyectos\\ProdAdmin\\src\\models\\Product.model.ts": {"path":"C:\\Users\\jfpn0\\OneDrive\\FULLSTACK DEVELOPER\\Proyectos\\ProdAdmin\\src\\models\\Product.model.ts","statementMap":{"0":{"start":{"line":1,"column":0},"end":{"line":1,"column":79}},"1":{"start":{"line":9,"column":0},"end":{"line":28,"column":null}},"2":{"start":{"line":14,"column":12},"end":{"line":14,"column":null}},"3":{"start":{"line":20,"column":12},"end":{"line":20,"column":null}},"4":{"start":{"line":27,"column":12},"end":{"line":27,"column":null}},"5":{"start":{"line":9,"column":6},"end":{"line":28,"column":null}},"6":{"start":{"line":30,"column":0},"end":{"line":30,"column":null}}},"fnMap":{},"branchMap":{},"s":{"0":3,"1":3,"2":3,"3":3,"4":3,"5":3,"6":3},"f":{},"b":{}}
}
